<?xml version="1.0" encoding="UTF-8"?>
<testsuite xmlns:xsi="http://www.w3.org/2001/XMLSchema-instance" xsi:noNamespaceSchemaLocation="https://maven.apache.org/surefire/maven-surefire-plugin/xsd/surefire-test-report.xsd" name="com.sudoku.SudokuBoardTest" time="0.078" tests="6" errors="0" skipped="0" failures="0">
  <properties>
[...]
</properties>
  <testcase name="testInvalidSetValues" classname="com.sudoku.SudokuBoardTest" time="0.042"/>
  <testcase name="testSolveKnownPuzzle" classname="com.sudoku.SudokuBoardTest" time="0.01"/>
  <testcase name="testConstructorAndGetSetValue" classname="com.sudoku.SudokuBoardTest" time="0.001"/>
  <testcase name="testCountSolutions" classname="com.sudoku.SudokuBoardTest" time="0.002"/>
  <testcase name="testIsValid" classname="com.sudoku.SudokuBoardTest" time="0.003"/>
  <testcase name="testGenerateNewBoard" classname="com.sudoku.SudokuBoardTest" time="0.001"/>
</testsuite>